(* 0  0 *) 1
(* 0  1 *) 1
(* 0  2 *) z^2 + z
(* 0  3 *) z^2 + z
(* 0  4 *) z^4 + z^2
(* 0  5 *) z^4 + z^2
(* 0  6 *) z^6 + z^5 + z^4 + z^3
(* 0  7 *) z^6 + z^5 + z^4 + z^3
(* 0  8 *) z^8 + z^4
(* 0  9 *) z^8 + z^4
(* 0 10 *) z^10 + z^9 + z^6 + z^5
(* 0 11 *) z^10 + z^9 + z^6 + z^5
(* 0 12 *) z^10 + z^8 + z^6 + z^3 + 1
(* 0 13 *) z^10 + z^8 + z^6 + z^3 + 1
(* 0 14 *) z^11 + z^10 + z^9 + z^8 + z^7 + z^5 + z^4 + z^3 + z^2 + z + 1
(* 0 15 *) z^11 + z^10 + z^9 + z^8 + z^7 + z^5 + z^4 + z^3 + z^2 + z + 1
(* 0 16 *) z^8 + z^7 + z^4
(* 0 17 *) z^8 + z^7 + z^4
(* 0 18 *) z^10 + z^8 + z^6 + z^5
(* 0 19 *) z^10 + z^8 + z^6 + z^5
(* 0 20 *) z^11 + z^10 + z^9 + z^8 + z^6 + z^3 + 1
(* 0 21 *) z^11 + z^10 + z^9 + z^8 + z^6 + z^3 + 1
(* 0 22 *) z^9 + z^8 + z^7 + z^5 + z^2
(* 0 23 *) z^9 + z^8 + z^7 + z^5 + z^2
(* 0 24 *) z^11 + z^8 + z^7 + z^6 + z^4 + z^3
(* 0 25 *) z^11 + z^8 + z^7 + z^6 + z^4 + z^3
(* 0 26 *) z^10 + z^7 + z^6 + z^3 + z + 1
(* 0 27 *) z^10 + z^7 + z^6 + z^3 + z + 1
(* 0 28 *) z^11 + z^9 + z^7 + z^5 + z^4 + z + 1
(* 0 29 *) z^11 + z^9 + z^7 + z^5 + z^4 + z + 1
(* 0 30 *) z^11 + z^10 + z^9 + z^8 + z^7 + z^5 + z^4 + 1
(* 0 31 *) z^11 + z^10 + z^9 + z^8 + z^7 + z^5 + z^4 + 1
(* 0 32 *) z^8 + z^7 + z^5 + z^4 + z^2
(* 0 33 *) z^8 + z^7 + z^5 + z^4 + z^2
(* 0 34 *) z^10 + z^8 + z^7 + z^5 + z^4 + z^3
(* 0 35 *) z^10 + z^8 + z^7 + z^5 + z^4 + z^3
(* 0 36 *) z^11 + z^10 + z^8 + z^7 + z^4 + z^3 + 1
(* 0 37 *) z^11 + z^10 + z^8 + z^7 + z^4 + z^3 + 1
(* 0 38 *) z^11 + z^10 + z^8 + z^6 + z^2
(* 0 39 *) z^11 + z^10 + z^8 + z^6 + z^2
(* 0 40 *) z^11 + z^10 + z^9 + z^8 + z^7 + z^3 + z
(* 0 41 *) z^11 + z^10 + z^9 + z^8 + z^7 + z^3 + z
(* 0 42 *) z^8 + z^5 + z^3 + z^2 + z
(* 0 43 *) z^8 + z^5 + z^3 + z^2 + z
(* 0 44 *) z^10 + z^9 + z^7 + z^6 + z^5 + z^2
(* 0 45 *) z^10 + z^9 + z^7 + z^6 + z^5 + z^2
(* 0 46 *) z^10 + z^9 + z^6 + z^4 + 1
(* 0 47 *) z^10 + z^9 + z^6 + z^4 + 1
(* 0 48 *) z^10 + z^8 + z^7 + z^6 + z^5 + z^3 + z^2 + z + 1
(* 0 49 *) z^10 + z^8 + z^7 + z^6 + z^5 + z^3 + z^2 + z + 1
(* 0 50 *) z^11 + z^10 + z^6 + z^5 + z^3 + z + 1
(* 0 51 *) z^11 + z^10 + z^6 + z^5 + z^3 + z + 1
(* 0 52 *) z^11 + z^8 + z^6 + z^5 + z^3
(* 0 53 *) z^11 + z^8 + z^6 + z^5 + z^3
(* 0 54 *) z^10 + z^9 + z^8 + z^6 + z^5 + z^3 + z + 1
(* 0 55 *) z^10 + z^9 + z^8 + z^6 + z^5 + z^3 + z + 1
(* 0 56 *) z^9 + z^8 + z^6 + z^5 + z^4 + z + 1
(* 0 57 *) z^9 + z^8 + z^6 + z^5 + z^4 + z + 1
(* 0 58 *) z^11 + z^9 + z^8 + z^5 + z^3 + z
(* 0 59 *) z^11 + z^9 + z^8 + z^5 + z^3 + z
(* 0 60 *) z^11 + z^9 + z^7 + z^6 + z^5 + z^2 + z + 1
(* 0 61 *) z^11 + z^9 + z^7 + z^6 + z^5 + z^2 + z + 1
(* 0 62 *) z^11 + z^10 + z^9 + z^6 + z^3 + 1
(* 0 63 *) z^11 + z^10 + z^9 + z^6 + z^3 + 1
(* 1  0 *) 1
(* 1  1 *) 1
(* 1  2 *) 1
(* 1  3 *) 1
(* 1  4 *) z^4 + z
(* 1  5 *) z^4 + z
(* 1  6 *) z^4 + z
(* 1  7 *) z^4 + z
(* 1  8 *) z^8 + z^2
(* 1  9 *) z^8 + z^2
(* 1 10 *) z^8 + z^2
(* 1 11 *) z^8 + z^2
(* 1 12 *) z^9 + z^6 + 1
(* 1 13 *) z^9 + z^6 + 1
(* 1 14 *) z^9 + z^6 + 1
(* 1 15 *) z^9 + z^6 + 1
(* 1 16 *) z^7
(* 1 17 *) z^7
(* 1 18 *) z^7
(* 1 19 *) z^7
(* 1 20 *) z^11 + z^8
(* 1 21 *) z^11 + z^8
(* 1 22 *) z^11 + z^8
(* 1 23 *) z^11 + z^8
(* 1 24 *) z^9 + z^6 + z^3
(* 1 25 *) z^9 + z^6 + z^3
(* 1 26 *) z^9 + z^6 + z^3
(* 1 27 *) z^9 + z^6 + z^3
(* 1 28 *) z
(* 1 29 *) z
(* 1 30 *) z
(* 1 31 *) z
(* 1 32 *) z^5 + z^2
(* 1 33 *) z^5 + z^2
(* 1 34 *) z^5 + z^2
(* 1 35 *) z^5 + z^2
(* 1 36 *) z^9 + z^3
(* 1 37 *) z^9 + z^3
(* 1 38 *) z^9 + z^3
(* 1 39 *) z^9 + z^3
(* 1 40 *) z^10 + z^7 + z
(* 1 41 *) z^10 + z^7 + z
(* 1 42 *) z^10 + z^7 + z
(* 1 43 *) z^10 + z^7 + z
(* 1 44 *) z^8
(* 1 45 *) z^8
(* 1 46 *) z^8
(* 1 47 *) z^8
(* 1 48 *) z^9 + z^3 + 1
(* 1 49 *) z^9 + z^3 + 1
(* 1 50 *) z^9 + z^3 + 1
(* 1 51 *) z^9 + z^3 + 1
(* 1 52 *) z^10 + z^7 + z^4
(* 1 53 *) z^10 + z^7 + z^4
(* 1 54 *) z^10 + z^7 + z^4
(* 1 55 *) z^10 + z^7 + z^4
(* 1 56 *) z^2
(* 1 57 *) z^2
(* 1 58 *) z^2
(* 1 59 *) z^2
(* 1 60 *) z^6 + z^3
(* 1 61 *) z^6 + z^3
(* 1 62 *) z^6 + z^3
(* 1 63 *) z^6 + z^3
(* 2  0 *) 1
(* 2  1 *) 1
(* 2  2 *) 1
(* 2  3 *) 1
(* 2  4 *) 1
(* 2  5 *) 1
(* 2  6 *) 1
(* 2  7 *) 1
(* 2  8 *) z^8 + z
(* 2  9 *) z^8 + z
(* 2 10 *) z^8 + z
(* 2 11 *) z^8 + z
(* 2 12 *) z^8 + z
(* 2 13 *) z^8 + z
(* 2 14 *) z^8 + z
(* 2 15 *) z^8 + z
(* 2 16 *) z^7 + z^4 + z^2
(* 2 17 *) z^7 + z^4 + z^2
(* 2 18 *) z^7 + z^4 + z^2
(* 2 19 *) z^7 + z^4 + z^2
(* 2 20 *) z^7 + z^4 + z^2
(* 2 21 *) z^7 + z^4 + z^2
(* 2 22 *) z^7 + z^4 + z^2
(* 2 23 *) z^7 + z^4 + z^2
(* 2 24 *) z^10 + z^8 + z^6 + z^5 + z^3 + 1
(* 2 25 *) z^10 + z^8 + z^6 + z^5 + z^3 + 1
(* 2 26 *) z^10 + z^8 + z^6 + z^5 + z^3 + 1
(* 2 27 *) z^10 + z^8 + z^6 + z^5 + z^3 + 1
(* 2 28 *) z^10 + z^8 + z^6 + z^5 + z^3 + 1
(* 2 29 *) z^10 + z^8 + z^6 + z^5 + z^3 + 1
(* 2 30 *) z^10 + z^8 + z^6 + z^5 + z^3 + 1
(* 2 31 *) z^10 + z^8 + z^6 + z^5 + z^3 + 1
(* 2 32 *) z^8 + z^5 + z^4 + z^2
(* 2 33 *) z^8 + z^5 + z^4 + z^2
(* 2 34 *) z^8 + z^5 + z^4 + z^2
(* 2 35 *) z^8 + z^5 + z^4 + z^2
(* 2 36 *) z^8 + z^5 + z^4 + z^2
(* 2 37 *) z^8 + z^5 + z^4 + z^2
(* 2 38 *) z^8 + z^5 + z^4 + z^2
(* 2 39 *) z^8 + z^5 + z^4 + z^2
(* 2 40 *) z^10 + z^9 + z^7 + z^6 + z^5 + z + 1
(* 2 41 *) z^10 + z^9 + z^7 + z^6 + z^5 + z + 1
(* 2 42 *) z^10 + z^9 + z^7 + z^6 + z^5 + z + 1
(* 2 43 *) z^10 + z^9 + z^7 + z^6 + z^5 + z + 1
(* 2 44 *) z^10 + z^9 + z^7 + z^6 + z^5 + z + 1
(* 2 45 *) z^10 + z^9 + z^7 + z^6 + z^5 + z + 1
(* 2 46 *) z^10 + z^9 + z^7 + z^6 + z^5 + z + 1
(* 2 47 *) z^10 + z^9 + z^7 + z^6 + z^5 + z + 1
(* 2 48 *) z^11 + z^10 + z^8 + z^7 + z^6 + z^4 + z^3
(* 2 49 *) z^11 + z^10 + z^8 + z^7 + z^6 + z^4 + z^3
(* 2 50 *) z^11 + z^10 + z^8 + z^7 + z^6 + z^4 + z^3
(* 2 51 *) z^11 + z^10 + z^8 + z^7 + z^6 + z^4 + z^3
(* 2 52 *) z^11 + z^10 + z^8 + z^7 + z^6 + z^4 + z^3
(* 2 53 *) z^11 + z^10 + z^8 + z^7 + z^6 + z^4 + z^3
(* 2 54 *) z^11 + z^10 + z^8 + z^7 + z^6 + z^4 + z^3
(* 2 55 *) z^11 + z^10 + z^8 + z^7 + z^6 + z^4 + z^3
(* 2 56 *) z^10 + z^8 + z^7 + z^3 + z^2
(* 2 57 *) z^10 + z^8 + z^7 + z^3 + z^2
(* 2 58 *) z^10 + z^8 + z^7 + z^3 + z^2
(* 2 59 *) z^10 + z^8 + z^7 + z^3 + z^2
(* 2 60 *) z^10 + z^8 + z^7 + z^3 + z^2
(* 2 61 *) z^10 + z^8 + z^7 + z^3 + z^2
(* 2 62 *) z^10 + z^8 + z^7 + z^3 + z^2
(* 2 63 *) z^10 + z^8 + z^7 + z^3 + z^2
(* 3  0 *) 1
(* 3  1 *) 1
(* 3  2 *) 1
(* 3  3 *) 1
(* 3  4 *) 1
(* 3  5 *) 1
(* 3  6 *) 1
(* 3  7 *) 1
(* 3  8 *) 1
(* 3  9 *) 1
(* 3 10 *) 1
(* 3 11 *) 1
(* 3 12 *) 1
(* 3 13 *) 1
(* 3 14 *) 1
(* 3 15 *) 1
(* 3 16 *) z^7 + z^4 + z
(* 3 17 *) z^7 + z^4 + z
(* 3 18 *) z^7 + z^4 + z
(* 3 19 *) z^7 + z^4 + z
(* 3 20 *) z^7 + z^4 + z
(* 3 21 *) z^7 + z^4 + z
(* 3 22 *) z^7 + z^4 + z
(* 3 23 *) z^7 + z^4 + z
(* 3 24 *) z^7 + z^4 + z
(* 3 25 *) z^7 + z^4 + z
(* 3 26 *) z^7 + z^4 + z
(* 3 27 *) z^7 + z^4 + z
(* 3 28 *) z^7 + z^4 + z
(* 3 29 *) z^7 + z^4 + z
(* 3 30 *) z^7 + z^4 + z
(* 3 31 *) z^7 + z^4 + z
(* 3 32 *) z^8 + z^5
(* 3 33 *) z^8 + z^5
(* 3 34 *) z^8 + z^5
(* 3 35 *) z^8 + z^5
(* 3 36 *) z^8 + z^5
(* 3 37 *) z^8 + z^5
(* 3 38 *) z^8 + z^5
(* 3 39 *) z^8 + z^5
(* 3 40 *) z^8 + z^5
(* 3 41 *) z^8 + z^5
(* 3 42 *) z^8 + z^5
(* 3 43 *) z^8 + z^5
(* 3 44 *) z^8 + z^5
(* 3 45 *) z^8 + z^5
(* 3 46 *) z^8 + z^5
(* 3 47 *) z^8 + z^5
(* 3 48 *) z^3
(* 3 49 *) z^3
(* 3 50 *) z^3
(* 3 51 *) z^3
(* 3 52 *) z^3
(* 3 53 *) z^3
(* 3 54 *) z^3
(* 3 55 *) z^3
(* 3 56 *) z^3
(* 3 57 *) z^3
(* 3 58 *) z^3
(* 3 59 *) z^3
(* 3 60 *) z^3
(* 3 61 *) z^3
(* 3 62 *) z^3
(* 3 63 *) z^3
(* 4  0 *) 1
(* 4  1 *) 1
(* 4  2 *) 1
(* 4  3 *) 1
(* 4  4 *) 1
(* 4  5 *) 1
(* 4  6 *) 1
(* 4  7 *) 1
(* 4  8 *) 1
(* 4  9 *) 1
(* 4 10 *) 1
(* 4 11 *) 1
(* 4 12 *) 1
(* 4 13 *) 1
(* 4 14 *) 1
(* 4 15 *) 1
(* 4 16 *) 1
(* 4 17 *) 1
(* 4 18 *) 1
(* 4 19 *) 1
(* 4 20 *) 1
(* 4 21 *) 1
(* 4 22 *) 1
(* 4 23 *) 1
(* 4 24 *) 1
(* 4 25 *) 1
(* 4 26 *) 1
(* 4 27 *) 1
(* 4 28 *) 1
(* 4 29 *) 1
(* 4 30 *) 1
(* 4 31 *) 1
(* 4 32 *) z^8 + z^5 + z^2 + z
(* 4 33 *) z^8 + z^5 + z^2 + z
(* 4 34 *) z^8 + z^5 + z^2 + z
(* 4 35 *) z^8 + z^5 + z^2 + z
(* 4 36 *) z^8 + z^5 + z^2 + z
(* 4 37 *) z^8 + z^5 + z^2 + z
(* 4 38 *) z^8 + z^5 + z^2 + z
(* 4 39 *) z^8 + z^5 + z^2 + z
(* 4 40 *) z^8 + z^5 + z^2 + z
(* 4 41 *) z^8 + z^5 + z^2 + z
(* 4 42 *) z^8 + z^5 + z^2 + z
(* 4 43 *) z^8 + z^5 + z^2 + z
(* 4 44 *) z^8 + z^5 + z^2 + z
(* 4 45 *) z^8 + z^5 + z^2 + z
(* 4 46 *) z^8 + z^5 + z^2 + z
(* 4 47 *) z^8 + z^5 + z^2 + z
(* 4 48 *) z^8 + z^5 + z^2 + z
(* 4 49 *) z^8 + z^5 + z^2 + z
(* 4 50 *) z^8 + z^5 + z^2 + z
(* 4 51 *) z^8 + z^5 + z^2 + z
(* 4 52 *) z^8 + z^5 + z^2 + z
(* 4 53 *) z^8 + z^5 + z^2 + z
(* 4 54 *) z^8 + z^5 + z^2 + z
(* 4 55 *) z^8 + z^5 + z^2 + z
(* 4 56 *) z^8 + z^5 + z^2 + z
(* 4 57 *) z^8 + z^5 + z^2 + z
(* 4 58 *) z^8 + z^5 + z^2 + z
(* 4 59 *) z^8 + z^5 + z^2 + z
(* 4 60 *) z^8 + z^5 + z^2 + z
(* 4 61 *) z^8 + z^5 + z^2 + z
(* 4 62 *) z^8 + z^5 + z^2 + z
(* 4 63 *) z^8 + z^5 + z^2 + z
